------------------------------------------------------------
/usr/bin/pip run on Thu Jan 25 13:13:52 2024
Downloading/unpacking virtualenv
  Getting page https://pypi.python.org/simple/virtualenv/
  Could not fetch URL https://pypi.python.org/simple/virtualenv/: 403 Client Error: SNI is required
  Will skip URL https://pypi.python.org/simple/virtualenv/ when looking for download links for virtualenv
  Getting page https://pypi.python.org/simple/
  Could not fetch URL https://pypi.python.org/simple/: 403 Client Error: SNI is required
  Will skip URL https://pypi.python.org/simple/ when looking for download links for virtualenv
  Cannot fetch index base URL https://pypi.python.org/simple/
  URLs to search for versions for virtualenv:
  * https://pypi.python.org/simple/virtualenv/
  Getting page https://pypi.python.org/simple/virtualenv/
  Could not fetch URL https://pypi.python.org/simple/virtualenv/: 403 Client Error: SNI is required
  Will skip URL https://pypi.python.org/simple/virtualenv/ when looking for download links for virtualenv
  Could not find any downloads that satisfy the requirement virtualenv
Cleaning up...
  Removing temporary dir /tmp/pip_build_root...
No distributions at all found for virtualenv
Exception information:
Traceback (most recent call last):
  File "/usr/lib/python2.7/dist-packages/pip/basecommand.py", line 122, in main
    status = self.run(options, args)
  File "/usr/lib/python2.7/dist-packages/pip/commands/install.py", line 278, in run
    requirement_set.prepare_files(finder, force_root_egg_info=self.bundle, bundle=self.bundle)
  File "/usr/lib/python2.7/dist-packages/pip/req.py", line 1178, in prepare_files
    url = finder.find_requirement(req_to_install, upgrade=self.upgrade)
  File "/usr/lib/python2.7/dist-packages/pip/index.py", line 277, in find_requirement
    raise DistributionNotFound('No distributions at all found for %s' % req)
DistributionNotFound: No distributions at all found for virtualenv
